Started by upstream project "[8mha:////4Bera1cDne2h6MBNh29kJJy0hfuZKsy6qBXen/DTuE1nAAAAqR+LCAAAAAAAAP9b85aBtbiIQTGjNKU4P08vOT+vOD8nVc83PyU1x6OyILUoJzMv2y+/JJUBAhiZGBgqihhk0NSjKDWzXb3RdlLBUSYGJk8GtpzUvPSSDB8G5tKinBIGIZ+sxLJE/ZzEvHT94JKizLx0a6BxUmjGOUNodHsLgAzxEgZZ/az8JH2XzMTigvyixPjikvyi1PiS/Pj0osSCDH0AOq6BxNIAAAA=[0mDiaspora_store_to_graph" build number [8mha:////4BoD+hiXOY0Qd8Qk9xGQmDZe9jSq7/aR8ZatG+jpIVMzAAAAqx+LCAAAAAAAAP9b85aBtbiIQTGjNKU4P08vOT+vOD8nVc83PyU1x6OyILUoJzMv2y+/JJUBAhiZGBgqihhk0NSjKDWzXb3RdlLBUSYGJk8GtpzUvPSSDB8G5tKinBIGIZ+sxLJE/ZzEvHT94JKizLx0a6BxUmjGOUNodHsLgAymEgZ5/az8JH2XzMTigvyixPjikvyi1PiS/Pj0osSCDH1jEwBZGvqw1AAAAA==[0m34
originally caused by:
 Started by upstream project "[8mha:////4DqpYtamEh1Kj6fZelSZDYC8OqIresBqvMdk/sI8VmdXAAAAoh+LCAAAAAAAAP9b85aBtbiIQTGjNKU4P08vOT+vOD8nVc83PyU1x6OyILUoJzMv2y+/JJUBAhiZGBgqihhk0NSjKDWzXb3RdlLBUSYGJk8GtpzUvPSSDB8G5tKinBIGIZ+sxLJE/ZzEvHT94JKizLx0a6BxUmjGOUNodHsLgAyBEgYx/az8JP2UzMTigvyixPiilLT43MQCfQBfAkAKywAAAA==[0mdiaspora_rdf_map" build number [8mha:////4OYF3MV2/hTWnxF7QSq763K9GXeiNAkTSqtlKGWcfoCoAAAApB+LCAAAAAAAAP9b85aBtbiIQTGjNKU4P08vOT+vOD8nVc83PyU1x6OyILUoJzMv2y+/JJUBAhiZGBgqihhk0NSjKDWzXb3RdlLBUSYGJk8GtpzUvPSSDB8G5tKinBIGIZ+sxLJE/ZzEvHT94JKizLx0a6BxUmjGOUNodHsLgAymEgYJ/az8JP2UzMTigvyixPiilLT43MQCfSNLAIowZX/NAAAA[0m29
 originally caused by:
  Started by upstream project "[8mha:////4NbwmPIkFL5eKoMQklB/20gMziZmD3aPV6K2kEwdfHwPAAAAoR+LCAAAAAAAAP9b85aBtbiIQTGjNKU4P08vOT+vOD8nVc83PyU1x6OyILUoJzMv2y+/JJUBAhiZGBgqihhk0NSjKDWzXb3RdlLBUSYGJk8GtpzUvPSSDB8G5tKinBIGIZ+sxLJE/ZzEvHT94JKizLx0a6BxUmjGOUNodHsLgAz+EgZR/az8JP2UzMTigvyixPiS/Pjk4jJ9ACjzxjvKAAAA[0mdiaspora_to_csv" build number [8mha:////4Ev7jYzzpBbMw++UMvwSQlTBTsuqTT9gC7m8Ngv4z4FTAAAApB+LCAAAAAAAAP9b85aBtbiIQTGjNKU4P08vOT+vOD8nVc83PyU1x6OyILUoJzMv2y+/JJUBAhiZGBgqihhk0NSjKDWzXb3RdlLBUSYGJk8GtpzUvPSSDB8G5tKinBIGIZ+sxLJE/ZzEvHT94JKizLx0a6BxUmjGOUNodHsLgAzmEgYJ/az8JP2UzMTigvyixPiS/Pjk4jJ9QwNTACMzkFHNAAAA[0m105
  originally caused by:
   Started by user [8mha:////4IGVMtvk6iK1hwW+PI4nElqD5WuZBmgWM1foNK6n5D+9AAAAlx+LCAAAAAAAAP9b85aBtbiIQTGjNKU4P08vOT+vOD8nVc83PyU1x6OyILUoJzMv2y+/JJUBAhiZGBgqihhk0NSjKDWzXb3RdlLBUSYGJk8GtpzUvPSSDB8G5tKinBIGIZ+sxLJE/ZzEvHT94JKizLx0a6BxUmjGOUNodHsLgAzuEgZu/dLi1CL9ovyMzBIAOOgHy8AAAAA=[0mrohit gupta
Running as SYSTEM
Building in workspace /var/jenkins_home/workspace/query_diaspora
[query_diaspora] $ /bin/sh -xe /tmp/jenkins2183057641789906683.sh
+ python3 query.py
Traceback (most recent call last):
  File "/usr/local/lib/python3.9/dist-packages/SPARQLWrapper/Wrapper.py", line 926, in _query
    response = urlopener(request)
  File "/usr/lib/python3.9/urllib/request.py", line 214, in urlopen
    return opener.open(url, data, timeout)
  File "/usr/lib/python3.9/urllib/request.py", line 523, in open
    response = meth(req, response)
  File "/usr/lib/python3.9/urllib/request.py", line 632, in http_response
    response = self.parent.error(
  File "/usr/lib/python3.9/urllib/request.py", line 561, in error
    return self._call_chain(*args)
  File "/usr/lib/python3.9/urllib/request.py", line 494, in _call_chain
    result = func(*args)
  File "/usr/lib/python3.9/urllib/request.py", line 641, in http_error_default
    raise HTTPError(req.full_url, code, msg, hdrs, fp)
urllib.error.HTTPError: HTTP Error 404: 

During handling of the above exception, another exception occurred:

Traceback (most recent call last):
  File "/var/jenkins_home/workspace/query_diaspora/query.py", line 52, in <module>
    results = sparql.queryAndConvert()
  File "/usr/local/lib/python3.9/dist-packages/SPARQLWrapper/Wrapper.py", line 967, in queryAndConvert
    res = self.query()
  File "/usr/local/lib/python3.9/dist-packages/SPARQLWrapper/Wrapper.py", line 960, in query
    return QueryResult(self._query())
  File "/usr/local/lib/python3.9/dist-packages/SPARQLWrapper/Wrapper.py", line 932, in _query
    raise EndPointNotFound(e.read())
SPARQLWrapper.SPARQLExceptions.EndPointNotFound: EndPointNotFound: It was not possible to connect to the given endpoint: check it is correct. 

Response:
b'Unknown repository: Diaspora'
Build step 'Execute shell' marked build as failure
Finished: FAILURE
